/*C1*/SET SCHEMA SYSTEM_LOBS
INSERT INTO BLOCKS VALUES(0,2147483647,0)
COMMIT
/*C2*/SET SCHEMA PUBLIC
CREATE TABLE vasarlo(Vasarlo_ID int NOT NULL GENERATED BY DEFAULT AS IDENTITY (START WITH 1),Vezetek_nev varchar(255),Kereszt_nev varchar(255),Telefon_szam varchar(255),E_mail varchar(255),Vasarlo_kedvezmeny int,PRIMARY KEY (Vasarlo_ID))
CREATE TABLE rendeles(Rendeles_ID int NOT NULL GENERATED BY DEFAULT AS IDENTITY (START WITH 1),Kampany varchar(255),Vasarlo_ID int,Idopont date,PRIMARY KEY (Rendeles_ID),FOREIGN KEY (Vasarlo_ID) REFERENCES vasarlo (Vasarlo_ID))
CREATE TABLE termek(Termek_ID int NOT NULL GENERATED BY DEFAULT AS IDENTITY (START WITH 1),Cikkszam int,Nev varchar(255),Ar int,Darabszam int,Avon_kedvezmeny int,Rendeles_ID int,PRIMARY KEY (Termek_ID),FOREIGN KEY (Rendeles_ID) REFERENCES rendeles (Rendeles_ID))
INSERT INTO VASARLO VALUES(1,'Tat\u00e1r','Zsu','70es','susanlpfan',25)
COMMIT
DISCONNECT
/*C3*/SET SCHEMA PUBLIC
DISCONNECT
/*C4*/SET SCHEMA PUBLIC
DISCONNECT
/*C5*/SET SCHEMA PUBLIC
INSERT INTO RENDELES VALUES(1,'5',1,'2016-05-30')
COMMIT
/*C6*/SET SCHEMA PUBLIC
INSERT INTO TERMEK VALUES(1,32561,'sampika',600,2,25,1)
COMMIT
DISCONNECT
/*C7*/SET SCHEMA PUBLIC
INSERT INTO TERMEK VALUES(2,32561,'balzsamka',500,3,25,1)
COMMIT
DISCONNECT
/*C5*/DISCONNECT
